<?xml version="1.0" encoding="UTF-8"?>
<testsuite xmlns:xsi="http://www.w3.org/2001/XMLSchema-instance" xsi:noNamespaceSchemaLocation="https://maven.apache.org/surefire/maven-surefire-plugin/xsd/surefire-test-report-3.0.xsd" version="3.0" name="com.devsuperior.dscommerce.services.UserServiceTests" time="0.185" tests="6" errors="0" skipped="0" failures="0">
  <properties>
    <property name="java.specification.version" value="17"/>
    <property name="sun.cpu.isalist" value="amd64"/>
    <property name="sun.jnu.encoding" value="Cp1252"/>
    <property name="java.class.path" value="C:\Users\Pichau\Desktop\Java Spring Expert Nelio Alves\dscommerce-jacoco\target\test-classes;C:\Users\Pichau\Desktop\Java Spring Expert Nelio Alves\dscommerce-jacoco\target\classes;C:\Users\Pichau\.m2\repository\org\springframework\boot\spring-boot-starter-web\3.1.12\spring-boot-starter-web-3.1.12.jar;C:\Users\Pichau\.m2\repository\org\springframework\boot\spring-boot-starter\3.1.12\spring-boot-starter-3.1.12.jar;C:\Users\Pichau\.m2\repository\org\springframework\boot\spring-boot\3.1.12\spring-boot-3.1.12.jar;C:\Users\Pichau\.m2\repository\org\springframework\boot\spring-boot-autoconfigure\3.1.12\spring-boot-autoconfigure-3.1.12.jar;C:\Users\Pichau\.m2\repository\org\springframework\boot\spring-boot-starter-logging\3.1.12\spring-boot-starter-logging-3.1.12.jar;C:\Users\Pichau\.m2\repository\ch\qos\logback\logback-classic\1.4.14\logback-classic-1.4.14.jar;C:\Users\Pichau\.m2\repository\ch\qos\logback\logback-core\1.4.14\logback-core-1.4.14.jar;C:\Users\Pichau\.m2\repository\org\apache\logging\log4j\log4j-to-slf4j\2.20.0\log4j-to-slf4j-2.20.0.jar;C:\Users\Pichau\.m2\repository\org\apache\logging\log4j\log4j-api\2.20.0\log4j-api-2.20.0.jar;C:\Users\Pichau\.m2\repository\org\slf4j\jul-to-slf4j\2.0.13\jul-to-slf4j-2.0.13.jar;C:\Users\Pichau\.m2\repository\jakarta\annotation\jakarta.annotation-api\2.1.1\jakarta.annotation-api-2.1.1.jar;C:\Users\Pichau\.m2\repository\org\yaml\snakeyaml\1.33\snakeyaml-1.33.jar;C:\Users\Pichau\.m2\repository\org\springframework\boot\spring-boot-starter-json\3.1.12\spring-boot-starter-json-3.1.12.jar;C:\Users\Pichau\.m2\repository\com\fasterxml\jackson\datatype\jackson-datatype-jdk8\2.15.4\jackson-datatype-jdk8-2.15.4.jar;C:\Users\Pichau\.m2\repository\com\fasterxml\jackson\datatype\jackson-datatype-jsr310\2.15.4\jackson-datatype-jsr310-2.15.4.jar;C:\Users\Pichau\.m2\repository\com\fasterxml\jackson\module\jackson-module-parameter-names\2.15.4\jackson-module-parameter-names-2.15.4.jar;C:\Users\Pichau\.m2\repository\org\springframework\boot\spring-boot-starter-tomcat\3.1.12\spring-boot-starter-tomcat-3.1.12.jar;C:\Users\Pichau\.m2\repository\org\apache\tomcat\embed\tomcat-embed-core\10.1.24\tomcat-embed-core-10.1.24.jar;C:\Users\Pichau\.m2\repository\org\apache\tomcat\embed\tomcat-embed-websocket\10.1.24\tomcat-embed-websocket-10.1.24.jar;C:\Users\Pichau\.m2\repository\org\springframework\spring-web\6.0.21\spring-web-6.0.21.jar;C:\Users\Pichau\.m2\repository\org\springframework\spring-beans\6.0.21\spring-beans-6.0.21.jar;C:\Users\Pichau\.m2\repository\io\micrometer\micrometer-observation\1.11.12\micrometer-observation-1.11.12.jar;C:\Users\Pichau\.m2\repository\io\micrometer\micrometer-commons\1.11.12\micrometer-commons-1.11.12.jar;C:\Users\Pichau\.m2\repository\org\springframework\spring-webmvc\6.0.21\spring-webmvc-6.0.21.jar;C:\Users\Pichau\.m2\repository\org\springframework\spring-context\6.0.21\spring-context-6.0.21.jar;C:\Users\Pichau\.m2\repository\org\springframework\spring-expression\6.0.21\spring-expression-6.0.21.jar;C:\Users\Pichau\.m2\repository\org\springframework\boot\spring-boot-starter-test\3.1.12\spring-boot-starter-test-3.1.12.jar;C:\Users\Pichau\.m2\repository\org\springframework\boot\spring-boot-test\3.1.12\spring-boot-test-3.1.12.jar;C:\Users\Pichau\.m2\repository\org\springframework\boot\spring-boot-test-autoconfigure\3.1.12\spring-boot-test-autoconfigure-3.1.12.jar;C:\Users\Pichau\.m2\repository\com\jayway\jsonpath\json-path\2.9.0\json-path-2.9.0.jar;C:\Users\Pichau\.m2\repository\org\slf4j\slf4j-api\2.0.13\slf4j-api-2.0.13.jar;C:\Users\Pichau\.m2\repository\jakarta\xml\bind\jakarta.xml.bind-api\4.0.2\jakarta.xml.bind-api-4.0.2.jar;C:\Users\Pichau\.m2\repository\jakarta\activation\jakarta.activation-api\2.1.3\jakarta.activation-api-2.1.3.jar;C:\Users\Pichau\.m2\repository\net\minidev\json-smart\2.4.11\json-smart-2.4.11.jar;C:\Users\Pichau\.m2\repository\net\minidev\accessors-smart\2.4.11\accessors-smart-2.4.11.jar;C:\Users\Pichau\.m2\repository\org\ow2\asm\asm\9.3\asm-9.3.jar;C:\Users\Pichau\.m2\repository\org\assertj\assertj-core\3.24.2\assertj-core-3.24.2.jar;C:\Users\Pichau\.m2\repository\net\bytebuddy\byte-buddy\1.14.16\byte-buddy-1.14.16.jar;C:\Users\Pichau\.m2\repository\org\hamcrest\hamcrest\2.2\hamcrest-2.2.jar;C:\Users\Pichau\.m2\repository\org\junit\jupiter\junit-jupiter\5.9.3\junit-jupiter-5.9.3.jar;C:\Users\Pichau\.m2\repository\org\junit\jupiter\junit-jupiter-api\5.9.3\junit-jupiter-api-5.9.3.jar;C:\Users\Pichau\.m2\repository\org\opentest4j\opentest4j\1.2.0\opentest4j-1.2.0.jar;C:\Users\Pichau\.m2\repository\org\junit\platform\junit-platform-commons\1.9.3\junit-platform-commons-1.9.3.jar;C:\Users\Pichau\.m2\repository\org\apiguardian\apiguardian-api\1.1.2\apiguardian-api-1.1.2.jar;C:\Users\Pichau\.m2\repository\org\junit\jupiter\junit-jupiter-params\5.9.3\junit-jupiter-params-5.9.3.jar;C:\Users\Pichau\.m2\repository\org\junit\jupiter\junit-jupiter-engine\5.9.3\junit-jupiter-engine-5.9.3.jar;C:\Users\Pichau\.m2\repository\org\junit\platform\junit-platform-engine\1.9.3\junit-platform-engine-1.9.3.jar;C:\Users\Pichau\.m2\repository\org\mockito\mockito-core\5.3.1\mockito-core-5.3.1.jar;C:\Users\Pichau\.m2\repository\net\bytebuddy\byte-buddy-agent\1.14.16\byte-buddy-agent-1.14.16.jar;C:\Users\Pichau\.m2\repository\org\objenesis\objenesis\3.3\objenesis-3.3.jar;C:\Users\Pichau\.m2\repository\org\mockito\mockito-junit-jupiter\5.3.1\mockito-junit-jupiter-5.3.1.jar;C:\Users\Pichau\.m2\repository\org\skyscreamer\jsonassert\1.5.1\jsonassert-1.5.1.jar;C:\Users\Pichau\.m2\repository\com\vaadin\external\google\android-json\0.0.20131108.vaadin1\android-json-0.0.20131108.vaadin1.jar;C:\Users\Pichau\.m2\repository\org\springframework\spring-core\6.0.21\spring-core-6.0.21.jar;C:\Users\Pichau\.m2\repository\org\springframework\spring-jcl\6.0.21\spring-jcl-6.0.21.jar;C:\Users\Pichau\.m2\repository\org\springframework\spring-test\6.0.21\spring-test-6.0.21.jar;C:\Users\Pichau\.m2\repository\org\xmlunit\xmlunit-core\2.9.1\xmlunit-core-2.9.1.jar;C:\Users\Pichau\.m2\repository\org\springframework\boot\spring-boot-starter-data-jpa\3.1.12\spring-boot-starter-data-jpa-3.1.12.jar;C:\Users\Pichau\.m2\repository\org\springframework\boot\spring-boot-starter-aop\3.1.12\spring-boot-starter-aop-3.1.12.jar;C:\Users\Pichau\.m2\repository\org\aspectj\aspectjweaver\1.9.22\aspectjweaver-1.9.22.jar;C:\Users\Pichau\.m2\repository\org\springframework\boot\spring-boot-starter-jdbc\3.1.12\spring-boot-starter-jdbc-3.1.12.jar;C:\Users\Pichau\.m2\repository\com\zaxxer\HikariCP\5.0.1\HikariCP-5.0.1.jar;C:\Users\Pichau\.m2\repository\org\springframework\spring-jdbc\6.0.21\spring-jdbc-6.0.21.jar;C:\Users\Pichau\.m2\repository\org\hibernate\orm\hibernate-core\6.2.25.Final\hibernate-core-6.2.25.Final.jar;C:\Users\Pichau\.m2\repository\jakarta\persistence\jakarta.persistence-api\3.1.0\jakarta.persistence-api-3.1.0.jar;C:\Users\Pichau\.m2\repository\jakarta\transaction\jakarta.transaction-api\2.0.1\jakarta.transaction-api-2.0.1.jar;C:\Users\Pichau\.m2\repository\org\jboss\logging\jboss-logging\3.5.3.Final\jboss-logging-3.5.3.Final.jar;C:\Users\Pichau\.m2\repository\org\hibernate\common\hibernate-commons-annotations\6.0.6.Final\hibernate-commons-annotations-6.0.6.Final.jar;C:\Users\Pichau\.m2\repository\io\smallrye\jandex\3.0.5\jandex-3.0.5.jar;C:\Users\Pichau\.m2\repository\com\fasterxml\classmate\1.5.1\classmate-1.5.1.jar;C:\Users\Pichau\.m2\repository\org\glassfish\jaxb\jaxb-runtime\4.0.5\jaxb-runtime-4.0.5.jar;C:\Users\Pichau\.m2\repository\org\glassfish\jaxb\jaxb-core\4.0.5\jaxb-core-4.0.5.jar;C:\Users\Pichau\.m2\repository\org\eclipse\angus\angus-activation\2.0.2\angus-activation-2.0.2.jar;C:\Users\Pichau\.m2\repository\org\glassfish\jaxb\txw2\4.0.5\txw2-4.0.5.jar;C:\Users\Pichau\.m2\repository\com\sun\istack\istack-commons-runtime\4.1.2\istack-commons-runtime-4.1.2.jar;C:\Users\Pichau\.m2\repository\jakarta\inject\jakarta.inject-api\2.0.1\jakarta.inject-api-2.0.1.jar;C:\Users\Pichau\.m2\repository\org\antlr\antlr4-runtime\4.10.1\antlr4-runtime-4.10.1.jar;C:\Users\Pichau\.m2\repository\org\springframework\data\spring-data-jpa\3.1.12\spring-data-jpa-3.1.12.jar;C:\Users\Pichau\.m2\repository\org\springframework\data\spring-data-commons\3.1.12\spring-data-commons-3.1.12.jar;C:\Users\Pichau\.m2\repository\org\springframework\spring-orm\6.0.21\spring-orm-6.0.21.jar;C:\Users\Pichau\.m2\repository\org\springframework\spring-tx\6.0.21\spring-tx-6.0.21.jar;C:\Users\Pichau\.m2\repository\org\springframework\spring-aspects\6.0.21\spring-aspects-6.0.21.jar;C:\Users\Pichau\.m2\repository\com\h2database\h2\2.1.214\h2-2.1.214.jar;C:\Users\Pichau\.m2\repository\org\springframework\boot\spring-boot-starter-validation\3.1.12\spring-boot-starter-validation-3.1.12.jar;C:\Users\Pichau\.m2\repository\org\apache\tomcat\embed\tomcat-embed-el\10.1.24\tomcat-embed-el-10.1.24.jar;C:\Users\Pichau\.m2\repository\org\hibernate\validator\hibernate-validator\8.0.1.Final\hibernate-validator-8.0.1.Final.jar;C:\Users\Pichau\.m2\repository\jakarta\validation\jakarta.validation-api\3.0.2\jakarta.validation-api-3.0.2.jar;C:\Users\Pichau\.m2\repository\org\springframework\boot\spring-boot-starter-security\3.1.12\spring-boot-starter-security-3.1.12.jar;C:\Users\Pichau\.m2\repository\org\springframework\spring-aop\6.0.21\spring-aop-6.0.21.jar;C:\Users\Pichau\.m2\repository\org\springframework\security\spring-security-config\6.1.9\spring-security-config-6.1.9.jar;C:\Users\Pichau\.m2\repository\org\springframework\security\spring-security-web\6.1.9\spring-security-web-6.1.9.jar;C:\Users\Pichau\.m2\repository\org\springframework\security\spring-security-test\6.1.9\spring-security-test-6.1.9.jar;C:\Users\Pichau\.m2\repository\org\springframework\security\spring-security-core\6.1.9\spring-security-core-6.1.9.jar;C:\Users\Pichau\.m2\repository\org\springframework\security\spring-security-crypto\6.1.9\spring-security-crypto-6.1.9.jar;C:\Users\Pichau\.m2\repository\org\springframework\security\spring-security-oauth2-authorization-server\1.1.7\spring-security-oauth2-authorization-server-1.1.7.jar;C:\Users\Pichau\.m2\repository\org\springframework\security\spring-security-oauth2-core\6.1.9\spring-security-oauth2-core-6.1.9.jar;C:\Users\Pichau\.m2\repository\org\springframework\security\spring-security-oauth2-jose\6.1.9\spring-security-oauth2-jose-6.1.9.jar;C:\Users\Pichau\.m2\repository\org\springframework\security\spring-security-oauth2-resource-server\6.1.9\spring-security-oauth2-resource-server-6.1.9.jar;C:\Users\Pichau\.m2\repository\com\nimbusds\nimbus-jose-jwt\9.31\nimbus-jose-jwt-9.31.jar;C:\Users\Pichau\.m2\repository\com\github\stephenc\jcip\jcip-annotations\1.0-1\jcip-annotations-1.0-1.jar;C:\Users\Pichau\.m2\repository\com\fasterxml\jackson\core\jackson-databind\2.15.4\jackson-databind-2.15.4.jar;C:\Users\Pichau\.m2\repository\com\fasterxml\jackson\core\jackson-annotations\2.15.4\jackson-annotations-2.15.4.jar;C:\Users\Pichau\.m2\repository\com\fasterxml\jackson\core\jackson-core\2.15.4\jackson-core-2.15.4.jar;C:\Users\Pichau\.m2\repository\org\springframework\boot\spring-boot-starter-oauth2-resource-server\3.1.12\spring-boot-starter-oauth2-resource-server-3.1.12.jar;"/>
    <property name="java.vm.vendor" value="Eclipse Adoptium"/>
    <property name="sun.arch.data.model" value="64"/>
    <property name="user.variant" value=""/>
    <property name="java.vendor.url" value="https://adoptium.net/"/>
    <property name="user.timezone" value="America/Sao_Paulo"/>
    <property name="org.jboss.logging.provider" value="slf4j"/>
    <property name="os.name" value="Windows 10"/>
    <property name="java.vm.specification.version" value="17"/>
    <property name="sun.java.launcher" value="SUN_STANDARD"/>
    <property name="user.country" value="BR"/>
    <property name="sun.boot.library.path" value="C:\sts-4.18.1.RELEASE\plugins\org.eclipse.justj.openjdk.hotspot.jre.full.win32.x86_64_17.0.7.v20230425-1502\jre\bin"/>
    <property name="sun.java.command" value="C:\Users\Pichau\AppData\Local\Temp\surefire5343516463677425242\surefirebooter-20241211162204687_3.jar C:\Users\Pichau\AppData\Local\Temp\surefire5343516463677425242 2024-12-11T16-22-04_548-jvmRun1 surefire-20241211162204687_1tmp surefire_0-20241211162204687_2tmp"/>
    <property name="jdk.debug" value="release"/>
    <property name="surefire.test.class.path" value="C:\Users\Pichau\Desktop\Java Spring Expert Nelio Alves\dscommerce-jacoco\target\test-classes;C:\Users\Pichau\Desktop\Java Spring Expert Nelio Alves\dscommerce-jacoco\target\classes;C:\Users\Pichau\.m2\repository\org\springframework\boot\spring-boot-starter-web\3.1.12\spring-boot-starter-web-3.1.12.jar;C:\Users\Pichau\.m2\repository\org\springframework\boot\spring-boot-starter\3.1.12\spring-boot-starter-3.1.12.jar;C:\Users\Pichau\.m2\repository\org\springframework\boot\spring-boot\3.1.12\spring-boot-3.1.12.jar;C:\Users\Pichau\.m2\repository\org\springframework\boot\spring-boot-autoconfigure\3.1.12\spring-boot-autoconfigure-3.1.12.jar;C:\Users\Pichau\.m2\repository\org\springframework\boot\spring-boot-starter-logging\3.1.12\spring-boot-starter-logging-3.1.12.jar;C:\Users\Pichau\.m2\repository\ch\qos\logback\logback-classic\1.4.14\logback-classic-1.4.14.jar;C:\Users\Pichau\.m2\repository\ch\qos\logback\logback-core\1.4.14\logback-core-1.4.14.jar;C:\Users\Pichau\.m2\repository\org\apache\logging\log4j\log4j-to-slf4j\2.20.0\log4j-to-slf4j-2.20.0.jar;C:\Users\Pichau\.m2\repository\org\apache\logging\log4j\log4j-api\2.20.0\log4j-api-2.20.0.jar;C:\Users\Pichau\.m2\repository\org\slf4j\jul-to-slf4j\2.0.13\jul-to-slf4j-2.0.13.jar;C:\Users\Pichau\.m2\repository\jakarta\annotation\jakarta.annotation-api\2.1.1\jakarta.annotation-api-2.1.1.jar;C:\Users\Pichau\.m2\repository\org\yaml\snakeyaml\1.33\snakeyaml-1.33.jar;C:\Users\Pichau\.m2\repository\org\springframework\boot\spring-boot-starter-json\3.1.12\spring-boot-starter-json-3.1.12.jar;C:\Users\Pichau\.m2\repository\com\fasterxml\jackson\datatype\jackson-datatype-jdk8\2.15.4\jackson-datatype-jdk8-2.15.4.jar;C:\Users\Pichau\.m2\repository\com\fasterxml\jackson\datatype\jackson-datatype-jsr310\2.15.4\jackson-datatype-jsr310-2.15.4.jar;C:\Users\Pichau\.m2\repository\com\fasterxml\jackson\module\jackson-module-parameter-names\2.15.4\jackson-module-parameter-names-2.15.4.jar;C:\Users\Pichau\.m2\repository\org\springframework\boot\spring-boot-starter-tomcat\3.1.12\spring-boot-starter-tomcat-3.1.12.jar;C:\Users\Pichau\.m2\repository\org\apache\tomcat\embed\tomcat-embed-core\10.1.24\tomcat-embed-core-10.1.24.jar;C:\Users\Pichau\.m2\repository\org\apache\tomcat\embed\tomcat-embed-websocket\10.1.24\tomcat-embed-websocket-10.1.24.jar;C:\Users\Pichau\.m2\repository\org\springframework\spring-web\6.0.21\spring-web-6.0.21.jar;C:\Users\Pichau\.m2\repository\org\springframework\spring-beans\6.0.21\spring-beans-6.0.21.jar;C:\Users\Pichau\.m2\repository\io\micrometer\micrometer-observation\1.11.12\micrometer-observation-1.11.12.jar;C:\Users\Pichau\.m2\repository\io\micrometer\micrometer-commons\1.11.12\micrometer-commons-1.11.12.jar;C:\Users\Pichau\.m2\repository\org\springframework\spring-webmvc\6.0.21\spring-webmvc-6.0.21.jar;C:\Users\Pichau\.m2\repository\org\springframework\spring-context\6.0.21\spring-context-6.0.21.jar;C:\Users\Pichau\.m2\repository\org\springframework\spring-expression\6.0.21\spring-expression-6.0.21.jar;C:\Users\Pichau\.m2\repository\org\springframework\boot\spring-boot-starter-test\3.1.12\spring-boot-starter-test-3.1.12.jar;C:\Users\Pichau\.m2\repository\org\springframework\boot\spring-boot-test\3.1.12\spring-boot-test-3.1.12.jar;C:\Users\Pichau\.m2\repository\org\springframework\boot\spring-boot-test-autoconfigure\3.1.12\spring-boot-test-autoconfigure-3.1.12.jar;C:\Users\Pichau\.m2\repository\com\jayway\jsonpath\json-path\2.9.0\json-path-2.9.0.jar;C:\Users\Pichau\.m2\repository\org\slf4j\slf4j-api\2.0.13\slf4j-api-2.0.13.jar;C:\Users\Pichau\.m2\repository\jakarta\xml\bind\jakarta.xml.bind-api\4.0.2\jakarta.xml.bind-api-4.0.2.jar;C:\Users\Pichau\.m2\repository\jakarta\activation\jakarta.activation-api\2.1.3\jakarta.activation-api-2.1.3.jar;C:\Users\Pichau\.m2\repository\net\minidev\json-smart\2.4.11\json-smart-2.4.11.jar;C:\Users\Pichau\.m2\repository\net\minidev\accessors-smart\2.4.11\accessors-smart-2.4.11.jar;C:\Users\Pichau\.m2\repository\org\ow2\asm\asm\9.3\asm-9.3.jar;C:\Users\Pichau\.m2\repository\org\assertj\assertj-core\3.24.2\assertj-core-3.24.2.jar;C:\Users\Pichau\.m2\repository\net\bytebuddy\byte-buddy\1.14.16\byte-buddy-1.14.16.jar;C:\Users\Pichau\.m2\repository\org\hamcrest\hamcrest\2.2\hamcrest-2.2.jar;C:\Users\Pichau\.m2\repository\org\junit\jupiter\junit-jupiter\5.9.3\junit-jupiter-5.9.3.jar;C:\Users\Pichau\.m2\repository\org\junit\jupiter\junit-jupiter-api\5.9.3\junit-jupiter-api-5.9.3.jar;C:\Users\Pichau\.m2\repository\org\opentest4j\opentest4j\1.2.0\opentest4j-1.2.0.jar;C:\Users\Pichau\.m2\repository\org\junit\platform\junit-platform-commons\1.9.3\junit-platform-commons-1.9.3.jar;C:\Users\Pichau\.m2\repository\org\apiguardian\apiguardian-api\1.1.2\apiguardian-api-1.1.2.jar;C:\Users\Pichau\.m2\repository\org\junit\jupiter\junit-jupiter-params\5.9.3\junit-jupiter-params-5.9.3.jar;C:\Users\Pichau\.m2\repository\org\junit\jupiter\junit-jupiter-engine\5.9.3\junit-jupiter-engine-5.9.3.jar;C:\Users\Pichau\.m2\repository\org\junit\platform\junit-platform-engine\1.9.3\junit-platform-engine-1.9.3.jar;C:\Users\Pichau\.m2\repository\org\mockito\mockito-core\5.3.1\mockito-core-5.3.1.jar;C:\Users\Pichau\.m2\repository\net\bytebuddy\byte-buddy-agent\1.14.16\byte-buddy-agent-1.14.16.jar;C:\Users\Pichau\.m2\repository\org\objenesis\objenesis\3.3\objenesis-3.3.jar;C:\Users\Pichau\.m2\repository\org\mockito\mockito-junit-jupiter\5.3.1\mockito-junit-jupiter-5.3.1.jar;C:\Users\Pichau\.m2\repository\org\skyscreamer\jsonassert\1.5.1\jsonassert-1.5.1.jar;C:\Users\Pichau\.m2\repository\com\vaadin\external\google\android-json\0.0.20131108.vaadin1\android-json-0.0.20131108.vaadin1.jar;C:\Users\Pichau\.m2\repository\org\springframework\spring-core\6.0.21\spring-core-6.0.21.jar;C:\Users\Pichau\.m2\repository\org\springframework\spring-jcl\6.0.21\spring-jcl-6.0.21.jar;C:\Users\Pichau\.m2\repository\org\springframework\spring-test\6.0.21\spring-test-6.0.21.jar;C:\Users\Pichau\.m2\repository\org\xmlunit\xmlunit-core\2.9.1\xmlunit-core-2.9.1.jar;C:\Users\Pichau\.m2\repository\org\springframework\boot\spring-boot-starter-data-jpa\3.1.12\spring-boot-starter-data-jpa-3.1.12.jar;C:\Users\Pichau\.m2\repository\org\springframework\boot\spring-boot-starter-aop\3.1.12\spring-boot-starter-aop-3.1.12.jar;C:\Users\Pichau\.m2\repository\org\aspectj\aspectjweaver\1.9.22\aspectjweaver-1.9.22.jar;C:\Users\Pichau\.m2\repository\org\springframework\boot\spring-boot-starter-jdbc\3.1.12\spring-boot-starter-jdbc-3.1.12.jar;C:\Users\Pichau\.m2\repository\com\zaxxer\HikariCP\5.0.1\HikariCP-5.0.1.jar;C:\Users\Pichau\.m2\repository\org\springframework\spring-jdbc\6.0.21\spring-jdbc-6.0.21.jar;C:\Users\Pichau\.m2\repository\org\hibernate\orm\hibernate-core\6.2.25.Final\hibernate-core-6.2.25.Final.jar;C:\Users\Pichau\.m2\repository\jakarta\persistence\jakarta.persistence-api\3.1.0\jakarta.persistence-api-3.1.0.jar;C:\Users\Pichau\.m2\repository\jakarta\transaction\jakarta.transaction-api\2.0.1\jakarta.transaction-api-2.0.1.jar;C:\Users\Pichau\.m2\repository\org\jboss\logging\jboss-logging\3.5.3.Final\jboss-logging-3.5.3.Final.jar;C:\Users\Pichau\.m2\repository\org\hibernate\common\hibernate-commons-annotations\6.0.6.Final\hibernate-commons-annotations-6.0.6.Final.jar;C:\Users\Pichau\.m2\repository\io\smallrye\jandex\3.0.5\jandex-3.0.5.jar;C:\Users\Pichau\.m2\repository\com\fasterxml\classmate\1.5.1\classmate-1.5.1.jar;C:\Users\Pichau\.m2\repository\org\glassfish\jaxb\jaxb-runtime\4.0.5\jaxb-runtime-4.0.5.jar;C:\Users\Pichau\.m2\repository\org\glassfish\jaxb\jaxb-core\4.0.5\jaxb-core-4.0.5.jar;C:\Users\Pichau\.m2\repository\org\eclipse\angus\angus-activation\2.0.2\angus-activation-2.0.2.jar;C:\Users\Pichau\.m2\repository\org\glassfish\jaxb\txw2\4.0.5\txw2-4.0.5.jar;C:\Users\Pichau\.m2\repository\com\sun\istack\istack-commons-runtime\4.1.2\istack-commons-runtime-4.1.2.jar;C:\Users\Pichau\.m2\repository\jakarta\inject\jakarta.inject-api\2.0.1\jakarta.inject-api-2.0.1.jar;C:\Users\Pichau\.m2\repository\org\antlr\antlr4-runtime\4.10.1\antlr4-runtime-4.10.1.jar;C:\Users\Pichau\.m2\repository\org\springframework\data\spring-data-jpa\3.1.12\spring-data-jpa-3.1.12.jar;C:\Users\Pichau\.m2\repository\org\springframework\data\spring-data-commons\3.1.12\spring-data-commons-3.1.12.jar;C:\Users\Pichau\.m2\repository\org\springframework\spring-orm\6.0.21\spring-orm-6.0.21.jar;C:\Users\Pichau\.m2\repository\org\springframework\spring-tx\6.0.21\spring-tx-6.0.21.jar;C:\Users\Pichau\.m2\repository\org\springframework\spring-aspects\6.0.21\spring-aspects-6.0.21.jar;C:\Users\Pichau\.m2\repository\com\h2database\h2\2.1.214\h2-2.1.214.jar;C:\Users\Pichau\.m2\repository\org\springframework\boot\spring-boot-starter-validation\3.1.12\spring-boot-starter-validation-3.1.12.jar;C:\Users\Pichau\.m2\repository\org\apache\tomcat\embed\tomcat-embed-el\10.1.24\tomcat-embed-el-10.1.24.jar;C:\Users\Pichau\.m2\repository\org\hibernate\validator\hibernate-validator\8.0.1.Final\hibernate-validator-8.0.1.Final.jar;C:\Users\Pichau\.m2\repository\jakarta\validation\jakarta.validation-api\3.0.2\jakarta.validation-api-3.0.2.jar;C:\Users\Pichau\.m2\repository\org\springframework\boot\spring-boot-starter-security\3.1.12\spring-boot-starter-security-3.1.12.jar;C:\Users\Pichau\.m2\repository\org\springframework\spring-aop\6.0.21\spring-aop-6.0.21.jar;C:\Users\Pichau\.m2\repository\org\springframework\security\spring-security-config\6.1.9\spring-security-config-6.1.9.jar;C:\Users\Pichau\.m2\repository\org\springframework\security\spring-security-web\6.1.9\spring-security-web-6.1.9.jar;C:\Users\Pichau\.m2\repository\org\springframework\security\spring-security-test\6.1.9\spring-security-test-6.1.9.jar;C:\Users\Pichau\.m2\repository\org\springframework\security\spring-security-core\6.1.9\spring-security-core-6.1.9.jar;C:\Users\Pichau\.m2\repository\org\springframework\security\spring-security-crypto\6.1.9\spring-security-crypto-6.1.9.jar;C:\Users\Pichau\.m2\repository\org\springframework\security\spring-security-oauth2-authorization-server\1.1.7\spring-security-oauth2-authorization-server-1.1.7.jar;C:\Users\Pichau\.m2\repository\org\springframework\security\spring-security-oauth2-core\6.1.9\spring-security-oauth2-core-6.1.9.jar;C:\Users\Pichau\.m2\repository\org\springframework\security\spring-security-oauth2-jose\6.1.9\spring-security-oauth2-jose-6.1.9.jar;C:\Users\Pichau\.m2\repository\org\springframework\security\spring-security-oauth2-resource-server\6.1.9\spring-security-oauth2-resource-server-6.1.9.jar;C:\Users\Pichau\.m2\repository\com\nimbusds\nimbus-jose-jwt\9.31\nimbus-jose-jwt-9.31.jar;C:\Users\Pichau\.m2\repository\com\github\stephenc\jcip\jcip-annotations\1.0-1\jcip-annotations-1.0-1.jar;C:\Users\Pichau\.m2\repository\com\fasterxml\jackson\core\jackson-databind\2.15.4\jackson-databind-2.15.4.jar;C:\Users\Pichau\.m2\repository\com\fasterxml\jackson\core\jackson-annotations\2.15.4\jackson-annotations-2.15.4.jar;C:\Users\Pichau\.m2\repository\com\fasterxml\jackson\core\jackson-core\2.15.4\jackson-core-2.15.4.jar;C:\Users\Pichau\.m2\repository\org\springframework\boot\spring-boot-starter-oauth2-resource-server\3.1.12\spring-boot-starter-oauth2-resource-server-3.1.12.jar;"/>
    <property name="sun.cpu.endian" value="little"/>
    <property name="user.home" value="C:\Users\Pichau"/>
    <property name="user.language" value="pt"/>
    <property name="java.specification.vendor" value="Oracle Corporation"/>
    <property name="java.version.date" value="2023-04-18"/>
    <property name="java.home" value="C:\sts-4.18.1.RELEASE\plugins\org.eclipse.justj.openjdk.hotspot.jre.full.win32.x86_64_17.0.7.v20230425-1502\jre"/>
    <property name="file.separator" value="\"/>
    <property name="style.color" value="always"/>
    <property name="basedir" value="C:\Users\Pichau\Desktop\Java Spring Expert Nelio Alves\dscommerce-jacoco"/>
    <property name="java.vm.compressedOopsMode" value="Zero based"/>
    <property name="line.separator" value="&#10;"/>
    <property name="java.vm.specification.vendor" value="Oracle Corporation"/>
    <property name="java.specification.name" value="Java Platform API Specification"/>
    <property name="FILE_LOG_CHARSET" value="windows-1252"/>
    <property name="java.awt.headless" value="true"/>
    <property name="surefire.real.class.path" value="C:\Users\Pichau\AppData\Local\Temp\surefire5343516463677425242\surefirebooter-20241211162204687_3.jar"/>
    <property name="user.script" value=""/>
    <property name="sun.management.compiler" value="HotSpot 64-Bit Tiered Compilers"/>
    <property name="java.runtime.version" value="17.0.7+7"/>
    <property name="user.name" value="Pichau"/>
    <property name="path.separator" value=";"/>
    <property name="os.version" value="10.0"/>
    <property name="java.runtime.name" value="OpenJDK Runtime Environment"/>
    <property name="file.encoding" value="Cp1252"/>
    <property name="java.vm.name" value="OpenJDK 64-Bit Server VM"/>
    <property name="java.vendor.version" value="Temurin-17.0.7+7"/>
    <property name="localRepository" value="C:\Users\Pichau\.m2\repository"/>
    <property name="java.vendor.url.bug" value="https://github.com/adoptium/adoptium-support/issues"/>
    <property name="java.io.tmpdir" value="C:\Users\Pichau\AppData\Local\Temp\"/>
    <property name="com.zaxxer.hikari.pool_number" value="1"/>
    <property name="java.version" value="17.0.7"/>
    <property name="user.dir" value="C:\Users\Pichau\Desktop\Java Spring Expert Nelio Alves\dscommerce-jacoco"/>
    <property name="os.arch" value="amd64"/>
    <property name="java.vm.specification.name" value="Java Virtual Machine Specification"/>
    <property name="PID" value="9460"/>
    <property name="sun.os.patch.level" value=""/>
    <property name="CONSOLE_LOG_CHARSET" value="windows-1252"/>
    <property name="native.encoding" value="Cp1252"/>
    <property name="java.library.path" value="C:\sts-4.18.1.RELEASE\plugins\org.eclipse.justj.openjdk.hotspot.jre.full.win32.x86_64_17.0.7.v20230425-1502\jre\bin;C:\WINDOWS\Sun\Java\bin;C:\WINDOWS\system32;C:\WINDOWS;C:/sts-4.18.1.RELEASE//plugins/org.eclipse.justj.openjdk.hotspot.jre.full.win32.x86_64_17.0.7.v20230425-1502/jre/bin/server;C:/sts-4.18.1.RELEASE//plugins/org.eclipse.justj.openjdk.hotspot.jre.full.win32.x86_64_17.0.7.v20230425-1502/jre/bin;C:\Program Files\Common Files\Oracle\Java\javapath;C:\Program Files\apache-maven-3.9.5-bin\apache-maven-3.9.5\bin;C:\WINDOWS\system32;C:\WINDOWS;C:\WINDOWS\System32\Wbem;C:\WINDOWS\System32\WindowsPowerShell\v1.0\;C:\WINDOWS\System32\OpenSSH\;C:\Program Files (x86)\dotnet\;C:\Program Files\MongoDB\Server\7.0\bin;C:\Program Files\Git\cmd;C:\Program Files (x86)\NVIDIA Corporation\PhysX\Common;C:\Program Files\nodejs\;C:\Program Files\MySQL\MySQL Shell 8.0\bin\;C:\Users\Pichau\AppData\Local\Microsoft\WindowsApps;;C:\Users\Pichau\AppData\Local\Programs\Microsoft VS Code\bin;C:\Users\Pichau\AppData\Roaming\npm;C:\sts-4.18.1.RELEASE;;."/>
    <property name="java.vm.info" value="mixed mode"/>
    <property name="java.vendor" value="Eclipse Adoptium"/>
    <property name="java.vm.version" value="17.0.7+7"/>
    <property name="sun.io.unicode.encoding" value="UnicodeLittle"/>
    <property name="java.class.version" value="61.0"/>
  </properties>
  <testcase name="authenticatedShouldThrowUsernameNotFoundExceptionWhenUserDoesNotExist" classname="com.devsuperior.dscommerce.services.UserServiceTests" time="0.009">
    <system-out><![CDATA[2024-12-11T16:22:19.724-03:00  INFO 9460 --- [           main] t.c.s.AnnotationConfigContextLoaderUtils : Could not detect default configuration classes for test class [com.devsuperior.dscommerce.services.UserServiceTests]: UserServiceTests does not declare any static, non-private, non-final, nested classes annotated with @Configuration.
]]></system-out>
  </testcase>
  <testcase name="getMeShouldThrowUsernameNotFoundExceptionWhenUserNotAuthenticated" classname="com.devsuperior.dscommerce.services.UserServiceTests" time="0.008"/>
  <testcase name="authenticatedShouldReturnUserWhenUserExists" classname="com.devsuperior.dscommerce.services.UserServiceTests" time="0.004"/>
  <testcase name="loadUserByUsernameShouldReturnUserDettailsWhenUserExists" classname="com.devsuperior.dscommerce.services.UserServiceTests" time="0.003"/>
  <testcase name="loadUserByUsernameShouldThrowUserNotFoundExceptionWhenUserDoesNotExist" classname="com.devsuperior.dscommerce.services.UserServiceTests" time="0.004"/>
  <testcase name="getMeShouldReturnUserDTOWhenUserAuthenticated" classname="com.devsuperior.dscommerce.services.UserServiceTests" time="0.004"/>
</testsuite>